<?xml version="1.0" encoding="UTF-8"?>
<testsuite name="SzpitalTest" tests="1" skipped="0" failures="0" errors="0" timestamp="2025-05-24T13:04:33.094Z" hostname="MacBook-Pro-Denis.local" time="0.011">
  <properties/>
  <testcase name="testDodajPacjentaDoSali()" classname="SzpitalTest" time="0.011"/>
  <system-out><![CDATA[]]></system-out>
  <system-err><![CDATA[]]></system-err>
</testsuite>
